<?xml version="1.0" encoding="UTF-8"?>
<!-- Generated by org.testng.reporters.JUnitReportReporter -->
<testsuite hostname="dell" failures="0" tests="1" name="scripts.addContactsScript" time="16.689" errors="0" timestamp="2024-02-26T09:51:07 IST" skipped="0">
  <testcase classname="scripts.addContactsScript" name="addContactsScript" time="16.689"/>
  <system-out/>
</testsuite> <!-- scripts.addContactsScript -->
