<?xml version="1.0" encoding="UTF-8"?>
<!-- Generated by org.testng.reporters.JUnitReportReporter -->
<testsuite hostname="dell" failures="0" tests="1" name="scripts.signInScript" time="15.026" errors="0" timestamp="2024-02-26T09:46:36 IST" skipped="0">
  <testcase classname="scripts.signInScript" name="signInScript" time="15.026"/>
  <system-out/>
</testsuite> <!-- scripts.signInScript -->
